CRITICAL - 2022-12-11 04:28:12 --> Invalid file: auth.php
#0 /var/www/html/system/View/View.php(198): CodeIgniter\Exceptions\FrameworkException::forInvalidFile('auth.php')
#1 /var/www/html/system/Common.php(1089): CodeIgniter\View\View->render('auth', Array, true)
#2 /var/www/html/app/Controllers/Home.php(48): view('auth')
#3 /var/www/html/system/CodeIgniter.php(832): App\Controllers\Home->operations()
#4 /var/www/html/system/CodeIgniter.php(419): CodeIgniter\CodeIgniter->runController(Object(App\Controllers\Home))
#5 /var/www/html/system/CodeIgniter.php(326): CodeIgniter\CodeIgniter->handleRequest(NULL, Object(Config\Cache), false)
#6 /var/www/html/public/index.php(37): CodeIgniter\CodeIgniter->run()
#7 {main}
CRITICAL - 2022-12-11 04:28:37 --> Invalid file: auth.php
#0 /var/www/html/system/View/View.php(198): CodeIgniter\Exceptions\FrameworkException::forInvalidFile('auth.php')
#1 /var/www/html/system/Common.php(1089): CodeIgniter\View\View->render('auth', Array, true)
#2 /var/www/html/app/Controllers/Home.php(48): view('auth')
#3 /var/www/html/system/CodeIgniter.php(832): App\Controllers\Home->operations()
#4 /var/www/html/system/CodeIgniter.php(419): CodeIgniter\CodeIgniter->runController(Object(App\Controllers\Home))
#5 /var/www/html/system/CodeIgniter.php(326): CodeIgniter\CodeIgniter->handleRequest(NULL, Object(Config\Cache), false)
#6 /var/www/html/public/index.php(37): CodeIgniter\CodeIgniter->run()
#7 {main}
CRITICAL - 2022-12-11 04:29:16 --> Invalid file: auth.php
#0 /var/www/html/system/View/View.php(198): CodeIgniter\Exceptions\FrameworkException::forInvalidFile('auth.php')
#1 /var/www/html/system/Common.php(1089): CodeIgniter\View\View->render('auth', Array, true)
#2 /var/www/html/app/Controllers/Home.php(48): view('auth')
#3 /var/www/html/system/CodeIgniter.php(832): App\Controllers\Home->operations()
#4 /var/www/html/system/CodeIgniter.php(419): CodeIgniter\CodeIgniter->runController(Object(App\Controllers\Home))
#5 /var/www/html/system/CodeIgniter.php(326): CodeIgniter\CodeIgniter->handleRequest(NULL, Object(Config\Cache), false)
#6 /var/www/html/public/index.php(37): CodeIgniter\CodeIgniter->run()
#7 {main}
CRITICAL - 2022-12-11 04:29:36 --> Invalid file: auth.php
#0 /var/www/html/system/View/View.php(198): CodeIgniter\Exceptions\FrameworkException::forInvalidFile('auth.php')
#1 /var/www/html/system/Common.php(1089): CodeIgniter\View\View->render('auth', Array, true)
#2 /var/www/html/app/Controllers/Home.php(48): view('auth')
#3 /var/www/html/system/CodeIgniter.php(832): App\Controllers\Home->operations()
#4 /var/www/html/system/CodeIgniter.php(419): CodeIgniter\CodeIgniter->runController(Object(App\Controllers\Home))
#5 /var/www/html/system/CodeIgniter.php(326): CodeIgniter\CodeIgniter->handleRequest(NULL, Object(Config\Cache), false)
#6 /var/www/html/public/index.php(37): CodeIgniter\CodeIgniter->run()
#7 {main}
CRITICAL - 2022-12-11 04:29:54 --> Invalid file: auth.php
#0 /var/www/html/system/View/View.php(198): CodeIgniter\Exceptions\FrameworkException::forInvalidFile('auth.php')
#1 /var/www/html/system/Common.php(1089): CodeIgniter\View\View->render('auth', Array, true)
#2 /var/www/html/app/Controllers/Home.php(48): view('auth')
#3 /var/www/html/system/CodeIgniter.php(832): App\Controllers\Home->operations()
#4 /var/www/html/system/CodeIgniter.php(419): CodeIgniter\CodeIgniter->runController(Object(App\Controllers\Home))
#5 /var/www/html/system/CodeIgniter.php(326): CodeIgniter\CodeIgniter->handleRequest(NULL, Object(Config\Cache), false)
#6 /var/www/html/public/index.php(37): CodeIgniter\CodeIgniter->run()
#7 {main}
CRITICAL - 2022-12-11 04:30:03 --> Invalid file: auth.php
#0 /var/www/html/system/View/View.php(198): CodeIgniter\Exceptions\FrameworkException::forInvalidFile('auth.php')
#1 /var/www/html/system/Common.php(1089): CodeIgniter\View\View->render('auth', Array, true)
#2 /var/www/html/app/Controllers/Home.php(48): view('auth')
#3 /var/www/html/system/CodeIgniter.php(832): App\Controllers\Home->operations()
#4 /var/www/html/system/CodeIgniter.php(419): CodeIgniter\CodeIgniter->runController(Object(App\Controllers\Home))
#5 /var/www/html/system/CodeIgniter.php(326): CodeIgniter\CodeIgniter->handleRequest(NULL, Object(Config\Cache), false)
#6 /var/www/html/public/index.php(37): CodeIgniter\CodeIgniter->run()
#7 {main}
CRITICAL - 2022-12-11 04:30:13 --> Invalid file: auth.php
#0 /var/www/html/system/View/View.php(198): CodeIgniter\Exceptions\FrameworkException::forInvalidFile('auth.php')
#1 /var/www/html/system/Common.php(1089): CodeIgniter\View\View->render('auth', Array, true)
#2 /var/www/html/app/Controllers/Home.php(48): view('auth')
#3 /var/www/html/system/CodeIgniter.php(832): App\Controllers\Home->operations()
#4 /var/www/html/system/CodeIgniter.php(419): CodeIgniter\CodeIgniter->runController(Object(App\Controllers\Home))
#5 /var/www/html/system/CodeIgniter.php(326): CodeIgniter\CodeIgniter->handleRequest(NULL, Object(Config\Cache), false)
#6 /var/www/html/public/index.php(37): CodeIgniter\CodeIgniter->run()
#7 {main}
CRITICAL - 2022-12-11 04:30:19 --> Invalid file: auth.php
#0 /var/www/html/system/View/View.php(198): CodeIgniter\Exceptions\FrameworkException::forInvalidFile('auth.php')
#1 /var/www/html/system/Common.php(1089): CodeIgniter\View\View->render('auth', Array, true)
#2 /var/www/html/app/Controllers/Home.php(48): view('auth')
#3 /var/www/html/system/CodeIgniter.php(832): App\Controllers\Home->operations()
#4 /var/www/html/system/CodeIgniter.php(419): CodeIgniter\CodeIgniter->runController(Object(App\Controllers\Home))
#5 /var/www/html/system/CodeIgniter.php(326): CodeIgniter\CodeIgniter->handleRequest(NULL, Object(Config\Cache), false)
#6 /var/www/html/public/index.php(37): CodeIgniter\CodeIgniter->run()
#7 {main}
CRITICAL - 2022-12-11 05:12:54 --> Too few arguments to function App\Controllers\Home::upload(), 0 passed in /var/www/html/system/CodeIgniter.php on line 832 and exactly 1 expected
#0 /var/www/html/system/CodeIgniter.php(832): App\Controllers\Home->upload()
#1 /var/www/html/system/CodeIgniter.php(419): CodeIgniter\CodeIgniter->runController(Object(App\Controllers\Home))
#2 /var/www/html/system/CodeIgniter.php(326): CodeIgniter\CodeIgniter->handleRequest(NULL, Object(Config\Cache), false)
#3 /var/www/html/public/index.php(37): CodeIgniter\CodeIgniter->run()
#4 {main}
CRITICAL - 2022-12-11 05:13:22 --> Too few arguments to function App\Controllers\Home::upload(), 0 passed in /var/www/html/system/CodeIgniter.php on line 832 and exactly 1 expected
#0 /var/www/html/system/CodeIgniter.php(832): App\Controllers\Home->upload()
#1 /var/www/html/system/CodeIgniter.php(419): CodeIgniter\CodeIgniter->runController(Object(App\Controllers\Home))
#2 /var/www/html/system/CodeIgniter.php(326): CodeIgniter\CodeIgniter->handleRequest(NULL, Object(Config\Cache), false)
#3 /var/www/html/public/index.php(37): CodeIgniter\CodeIgniter->run()
#4 {main}
CRITICAL - 2022-12-11 05:13:36 --> Too few arguments to function App\Controllers\Home::upload(), 0 passed in /var/www/html/system/CodeIgniter.php on line 832 and exactly 1 expected
#0 /var/www/html/system/CodeIgniter.php(832): App\Controllers\Home->upload()
#1 /var/www/html/system/CodeIgniter.php(419): CodeIgniter\CodeIgniter->runController(Object(App\Controllers\Home))
#2 /var/www/html/system/CodeIgniter.php(326): CodeIgniter\CodeIgniter->handleRequest(NULL, Object(Config\Cache), false)
#3 /var/www/html/public/index.php(37): CodeIgniter\CodeIgniter->run()
#4 {main}
CRITICAL - 2022-12-11 05:14:29 --> Too few arguments to function App\Controllers\Home::upload(), 0 passed in /var/www/html/system/CodeIgniter.php on line 832 and exactly 1 expected
#0 /var/www/html/system/CodeIgniter.php(832): App\Controllers\Home->upload()
#1 /var/www/html/system/CodeIgniter.php(419): CodeIgniter\CodeIgniter->runController(Object(App\Controllers\Home))
#2 /var/www/html/system/CodeIgniter.php(326): CodeIgniter\CodeIgniter->handleRequest(NULL, Object(Config\Cache), false)
#3 /var/www/html/public/index.php(37): CodeIgniter\CodeIgniter->run()
#4 {main}
CRITICAL - 2022-12-11 05:24:21 --> The original file is not a valid file.
#0 /var/www/html/system/HTTP/Files/UploadedFile.php(137): CodeIgniter\HTTP\Exceptions\HTTPException::forInvalidFile()
#1 /var/www/html/system/HTTP/Files/UploadedFile.php(341): CodeIgniter\HTTP\Files\UploadedFile->move('/var/www/html/w...', '1670757861_a884...')
#2 /var/www/html/app/Controllers/Home.php(26): CodeIgniter\HTTP\Files\UploadedFile->store()
#3 /var/www/html/system/CodeIgniter.php(832): App\Controllers\Home->upload()
#4 /var/www/html/system/CodeIgniter.php(419): CodeIgniter\CodeIgniter->runController(Object(App\Controllers\Home))
#5 /var/www/html/system/CodeIgniter.php(326): CodeIgniter\CodeIgniter->handleRequest(NULL, Object(Config\Cache), false)
#6 /var/www/html/public/index.php(37): CodeIgniter\CodeIgniter->run()
#7 {main}
CRITICAL - 2022-12-11 05:25:04 --> The original file is not a valid file.
#0 /var/www/html/system/HTTP/Files/UploadedFile.php(137): CodeIgniter\HTTP\Exceptions\HTTPException::forInvalidFile()
#1 /var/www/html/system/HTTP/Files/UploadedFile.php(341): CodeIgniter\HTTP\Files\UploadedFile->move('/var/www/html/w...', '1670757904_ea94...')
#2 /var/www/html/app/Controllers/Home.php(26): CodeIgniter\HTTP\Files\UploadedFile->store()
#3 /var/www/html/system/CodeIgniter.php(832): App\Controllers\Home->upload()
#4 /var/www/html/system/CodeIgniter.php(419): CodeIgniter\CodeIgniter->runController(Object(App\Controllers\Home))
#5 /var/www/html/system/CodeIgniter.php(326): CodeIgniter\CodeIgniter->handleRequest(NULL, Object(Config\Cache), false)
#6 /var/www/html/public/index.php(37): CodeIgniter\CodeIgniter->run()
#7 {main}
CRITICAL - 2022-12-11 05:25:39 --> The original file is not a valid file.
#0 /var/www/html/system/HTTP/Files/UploadedFile.php(137): CodeIgniter\HTTP\Exceptions\HTTPException::forInvalidFile()
#1 /var/www/html/system/HTTP/Files/UploadedFile.php(341): CodeIgniter\HTTP\Files\UploadedFile->move('/var/www/html/w...', '1670757939_8bb3...')
#2 /var/www/html/app/Controllers/Home.php(26): CodeIgniter\HTTP\Files\UploadedFile->store()
#3 /var/www/html/system/CodeIgniter.php(832): App\Controllers\Home->upload()
#4 /var/www/html/system/CodeIgniter.php(419): CodeIgniter\CodeIgniter->runController(Object(App\Controllers\Home))
#5 /var/www/html/system/CodeIgniter.php(326): CodeIgniter\CodeIgniter->handleRequest(NULL, Object(Config\Cache), false)
#6 /var/www/html/public/index.php(37): CodeIgniter\CodeIgniter->run()
#7 {main}
CRITICAL - 2022-12-11 05:26:25 --> The original file is not a valid file.
#0 /var/www/html/system/HTTP/Files/UploadedFile.php(137): CodeIgniter\HTTP\Exceptions\HTTPException::forInvalidFile()
#1 /var/www/html/system/HTTP/Files/UploadedFile.php(341): CodeIgniter\HTTP\Files\UploadedFile->move('/var/www/html/w...', '1670757985_adbd...')
#2 /var/www/html/app/Controllers/Home.php(27): CodeIgniter\HTTP\Files\UploadedFile->store()
#3 /var/www/html/system/CodeIgniter.php(832): App\Controllers\Home->upload()
#4 /var/www/html/system/CodeIgniter.php(419): CodeIgniter\CodeIgniter->runController(Object(App\Controllers\Home))
#5 /var/www/html/system/CodeIgniter.php(326): CodeIgniter\CodeIgniter->handleRequest(NULL, Object(Config\Cache), false)
#6 /var/www/html/public/index.php(37): CodeIgniter\CodeIgniter->run()
#7 {main}
CRITICAL - 2022-12-11 05:27:51 --> The original file is not a valid file.
#0 /var/www/html/system/HTTP/Files/UploadedFile.php(137): CodeIgniter\HTTP\Exceptions\HTTPException::forInvalidFile()
#1 /var/www/html/system/HTTP/Files/UploadedFile.php(341): CodeIgniter\HTTP\Files\UploadedFile->move('/var/www/html/w...', '1670758071_51d9...')
#2 /var/www/html/app/Controllers/Home.php(46): CodeIgniter\HTTP\Files\UploadedFile->store()
#3 /var/www/html/system/CodeIgniter.php(832): App\Controllers\Home->upload()
#4 /var/www/html/system/CodeIgniter.php(419): CodeIgniter\CodeIgniter->runController(Object(App\Controllers\Home))
#5 /var/www/html/system/CodeIgniter.php(326): CodeIgniter\CodeIgniter->handleRequest(NULL, Object(Config\Cache), false)
#6 /var/www/html/public/index.php(37): CodeIgniter\CodeIgniter->run()
#7 {main}
CRITICAL - 2022-12-11 05:29:22 --> Class 'App\Controllers\File' not found
#0 /var/www/html/system/CodeIgniter.php(832): App\Controllers\Home->upload()
#1 /var/www/html/system/CodeIgniter.php(419): CodeIgniter\CodeIgniter->runController(Object(App\Controllers\Home))
#2 /var/www/html/system/CodeIgniter.php(326): CodeIgniter\CodeIgniter->handleRequest(NULL, Object(Config\Cache), false)
#3 /var/www/html/public/index.php(37): CodeIgniter\CodeIgniter->run()
#4 {main}
CRITICAL - 2022-12-11 05:30:06 --> Class 'App\Controllers\File' not found
#0 /var/www/html/system/CodeIgniter.php(832): App\Controllers\Home->upload()
#1 /var/www/html/system/CodeIgniter.php(419): CodeIgniter\CodeIgniter->runController(Object(App\Controllers\Home))
#2 /var/www/html/system/CodeIgniter.php(326): CodeIgniter\CodeIgniter->handleRequest(NULL, Object(Config\Cache), false)
#3 /var/www/html/public/index.php(37): CodeIgniter\CodeIgniter->run()
#4 {main}
CRITICAL - 2022-12-11 05:33:59 --> finfo_file(/tmp/php90h1uM): failed to open stream: No such file or directory
#0 [internal function]: CodeIgniter\Debug\Exceptions->errorHandler(2, 'finfo_file(/tmp...', '/var/www/html/s...', 109, Array)
#1 /var/www/html/system/Files/File.php(109): finfo_file(Resource id #18, '/tmp/php90h1uM')
#2 /var/www/html/system/HTTP/Files/UploadedFile.php(302): CodeIgniter\Files\File->getMimeType()
#3 /var/www/html/system/HTTP/Files/UploadedFile.php(291): CodeIgniter\HTTP\Files\UploadedFile->guessExtension()
#4 /var/www/html/system/Files/File.php(121): CodeIgniter\HTTP\Files\UploadedFile->getExtension()
#5 /var/www/html/system/HTTP/Files/UploadedFile.php(338): CodeIgniter\Files\File->getRandomName()
#6 /var/www/html/app/Controllers/Home.php(46): CodeIgniter\HTTP\Files\UploadedFile->store()
#7 /var/www/html/system/CodeIgniter.php(832): App\Controllers\Home->upload()
#8 /var/www/html/system/CodeIgniter.php(419): CodeIgniter\CodeIgniter->runController(Object(App\Controllers\Home))
#9 /var/www/html/system/CodeIgniter.php(326): CodeIgniter\CodeIgniter->handleRequest(NULL, Object(Config\Cache), false)
#10 /var/www/html/public/index.php(37): CodeIgniter\CodeIgniter->run()
#11 {main}
CRITICAL - 2022-12-11 05:34:19 --> finfo_file(/tmp/phpD46kLU): failed to open stream: No such file or directory
#0 [internal function]: CodeIgniter\Debug\Exceptions->errorHandler(2, 'finfo_file(/tmp...', '/var/www/html/s...', 109, Array)
#1 /var/www/html/system/Files/File.php(109): finfo_file(Resource id #18, '/tmp/phpD46kLU')
#2 /var/www/html/system/HTTP/Files/UploadedFile.php(302): CodeIgniter\Files\File->getMimeType()
#3 /var/www/html/system/HTTP/Files/UploadedFile.php(291): CodeIgniter\HTTP\Files\UploadedFile->guessExtension()
#4 /var/www/html/system/Files/File.php(121): CodeIgniter\HTTP\Files\UploadedFile->getExtension()
#5 /var/www/html/system/HTTP/Files/UploadedFile.php(338): CodeIgniter\Files\File->getRandomName()
#6 /var/www/html/app/Controllers/Home.php(46): CodeIgniter\HTTP\Files\UploadedFile->store()
#7 /var/www/html/system/CodeIgniter.php(832): App\Controllers\Home->upload()
#8 /var/www/html/system/CodeIgniter.php(419): CodeIgniter\CodeIgniter->runController(Object(App\Controllers\Home))
#9 /var/www/html/system/CodeIgniter.php(326): CodeIgniter\CodeIgniter->handleRequest(NULL, Object(Config\Cache), false)
#10 /var/www/html/public/index.php(37): CodeIgniter\CodeIgniter->run()
#11 {main}
CRITICAL - 2022-12-11 05:46:10 --> Call to undefined method App\Controllers\Home::getRandomName()
#0 /var/www/html/system/CodeIgniter.php(832): App\Controllers\Home->upload()
#1 /var/www/html/system/CodeIgniter.php(419): CodeIgniter\CodeIgniter->runController(Object(App\Controllers\Home))
#2 /var/www/html/system/CodeIgniter.php(326): CodeIgniter\CodeIgniter->handleRequest(NULL, Object(Config\Cache), false)
#3 /var/www/html/public/index.php(37): CodeIgniter\CodeIgniter->run()
#4 {main}
CRITICAL - 2022-12-11 05:46:44 --> Call to undefined method App\Controllers\Home::getRandomName()
#0 /var/www/html/system/CodeIgniter.php(832): App\Controllers\Home->upload()
#1 /var/www/html/system/CodeIgniter.php(419): CodeIgniter\CodeIgniter->runController(Object(App\Controllers\Home))
#2 /var/www/html/system/CodeIgniter.php(326): CodeIgniter\CodeIgniter->handleRequest(NULL, Object(Config\Cache), false)
#3 /var/www/html/public/index.php(37): CodeIgniter\CodeIgniter->run()
#4 {main}
CRITICAL - 2022-12-11 05:47:49 --> mkdir(): Permission denied
#0 [internal function]: CodeIgniter\Debug\Exceptions->errorHandler(2, 'mkdir(): Permis...', '/var/www/html/s...', 176, Array)
#1 /var/www/html/system/HTTP/Files/UploadedFile.php(176): mkdir('uploads//public...', 511, true)
#2 /var/www/html/system/HTTP/Files/UploadedFile.php(130): CodeIgniter\HTTP\Files\UploadedFile->setPath('uploads//public...')
#3 /var/www/html/system/HTTP/Files/UploadedFile.php(341): CodeIgniter\HTTP\Files\UploadedFile->move('uploads//public...', '1670759269_7c74...')
#4 /var/www/html/app/Controllers/Home.php(45): CodeIgniter\HTTP\Files\UploadedFile->store('/public/uploads...')
#5 /var/www/html/system/CodeIgniter.php(832): App\Controllers\Home->upload()
#6 /var/www/html/system/CodeIgniter.php(419): CodeIgniter\CodeIgniter->runController(Object(App\Controllers\Home))
#7 /var/www/html/system/CodeIgniter.php(326): CodeIgniter\CodeIgniter->handleRequest(NULL, Object(Config\Cache), false)
#8 /var/www/html/public/index.php(37): CodeIgniter\CodeIgniter->run()
#9 {main}
CRITICAL - 2022-12-11 05:48:06 --> mkdir(): Permission denied
#0 [internal function]: CodeIgniter\Debug\Exceptions->errorHandler(2, 'mkdir(): Permis...', '/var/www/html/s...', 176, Array)
#1 /var/www/html/system/HTTP/Files/UploadedFile.php(176): mkdir('uploads/2022121...', 511, true)
#2 /var/www/html/system/HTTP/Files/UploadedFile.php(130): CodeIgniter\HTTP\Files\UploadedFile->setPath('uploads/2022121...')
#3 /var/www/html/system/HTTP/Files/UploadedFile.php(341): CodeIgniter\HTTP\Files\UploadedFile->move('uploads/2022121...', '1670759286_f018...')
#4 /var/www/html/app/Controllers/Home.php(45): CodeIgniter\HTTP\Files\UploadedFile->store()
#5 /var/www/html/system/CodeIgniter.php(832): App\Controllers\Home->upload()
#6 /var/www/html/system/CodeIgniter.php(419): CodeIgniter\CodeIgniter->runController(Object(App\Controllers\Home))
#7 /var/www/html/system/CodeIgniter.php(326): CodeIgniter\CodeIgniter->handleRequest(NULL, Object(Config\Cache), false)
#8 /var/www/html/public/index.php(37): CodeIgniter\CodeIgniter->run()
#9 {main}
CRITICAL - 2022-12-11 05:48:34 --> mkdir(): Permission denied
#0 [internal function]: CodeIgniter\Debug\Exceptions->errorHandler(2, 'mkdir(): Permis...', '/var/www/html/s...', 176, Array)
#1 /var/www/html/system/HTTP/Files/UploadedFile.php(176): mkdir('uploads/2022121...', 511, true)
#2 /var/www/html/system/HTTP/Files/UploadedFile.php(130): CodeIgniter\HTTP\Files\UploadedFile->setPath('uploads/2022121...')
#3 /var/www/html/system/HTTP/Files/UploadedFile.php(341): CodeIgniter\HTTP\Files\UploadedFile->move('uploads/2022121...', '1670759314_9d7a...')
#4 /var/www/html/app/Controllers/Home.php(46): CodeIgniter\HTTP\Files\UploadedFile->store()
#5 /var/www/html/system/CodeIgniter.php(832): App\Controllers\Home->upload()
#6 /var/www/html/system/CodeIgniter.php(419): CodeIgniter\CodeIgniter->runController(Object(App\Controllers\Home))
#7 /var/www/html/system/CodeIgniter.php(326): CodeIgniter\CodeIgniter->handleRequest(NULL, Object(Config\Cache), false)
#8 /var/www/html/public/index.php(37): CodeIgniter\CodeIgniter->run()
#9 {main}
CRITICAL - 2022-12-11 05:50:34 --> mkdir(): Permission denied
#0 [internal function]: CodeIgniter\Debug\Exceptions->errorHandler(2, 'mkdir(): Permis...', '/var/www/html/s...', 176, Array)
#1 /var/www/html/system/HTTP/Files/UploadedFile.php(176): mkdir('uploads/2022121...', 511, true)
#2 /var/www/html/system/HTTP/Files/UploadedFile.php(130): CodeIgniter\HTTP\Files\UploadedFile->setPath('uploads/2022121...')
#3 /var/www/html/system/HTTP/Files/UploadedFile.php(341): CodeIgniter\HTTP\Files\UploadedFile->move('uploads/2022121...', '1670759434_5891...')
#4 /var/www/html/app/Controllers/Home.php(46): CodeIgniter\HTTP\Files\UploadedFile->store()
#5 /var/www/html/system/CodeIgniter.php(832): App\Controllers\Home->upload()
#6 /var/www/html/system/CodeIgniter.php(419): CodeIgniter\CodeIgniter->runController(Object(App\Controllers\Home))
#7 /var/www/html/system/CodeIgniter.php(326): CodeIgniter\CodeIgniter->handleRequest(NULL, Object(Config\Cache), false)
#8 /var/www/html/public/index.php(37): CodeIgniter\CodeIgniter->run()
#9 {main}
CRITICAL - 2022-12-11 07:18:53 --> The framework needs the following extension(s) installed and loaded: IMAGICK.
#0 /var/www/html/system/Images/Handlers/ImageMagickHandler.php(53): CodeIgniter\Exceptions\FrameworkException::forMissingExtension('IMAGICK')
#1 /var/www/html/system/Config/Services.php(312): CodeIgniter\Images\Handlers\ImageMagickHandler->__construct(Object(Config\Images))
#2 /var/www/html/system/Config/BaseService.php(248): CodeIgniter\Config\Services::image('imagick', Object(Config\Images), false)
#3 /var/www/html/system/Config/BaseService.php(189): CodeIgniter\Config\BaseService::__callStatic('image', Array)
#4 /var/www/html/system/Config/Services.php(305): CodeIgniter\Config\BaseService::getSharedInstance('image', 'imagick', NULL)
#5 /var/www/html/system/Config/BaseService.php(248): CodeIgniter\Config\Services::image('imagick')
#6 /var/www/html/app/Controllers/Home.php(61): CodeIgniter\Config\BaseService::__callStatic('image', Array)
#7 /var/www/html/system/CodeIgniter.php(832): App\Controllers\Home->recognize()
#8 /var/www/html/system/CodeIgniter.php(419): CodeIgniter\CodeIgniter->runController(Object(App\Controllers\Home))
#9 /var/www/html/system/CodeIgniter.php(326): CodeIgniter\CodeIgniter->handleRequest(NULL, Object(Config\Cache), false)
#10 /var/www/html/public/index.php(37): CodeIgniter\CodeIgniter->run()
#11 {main}
CRITICAL - 2022-12-11 07:20:52 --> Call to undefined function App\Controllers\imagecreatetruecolor()
#0 /var/www/html/system/CodeIgniter.php(832): App\Controllers\Home->recognize()
#1 /var/www/html/system/CodeIgniter.php(419): CodeIgniter\CodeIgniter->runController(Object(App\Controllers\Home))
#2 /var/www/html/system/CodeIgniter.php(326): CodeIgniter\CodeIgniter->handleRequest(NULL, Object(Config\Cache), false)
#3 /var/www/html/public/index.php(37): CodeIgniter\CodeIgniter->run()
#4 {main}
CRITICAL - 2022-12-11 07:21:31 --> Call to undefined function App\Controllers\imagecreatetruecolor()
#0 /var/www/html/system/CodeIgniter.php(832): App\Controllers\Home->recognize()
#1 /var/www/html/system/CodeIgniter.php(419): CodeIgniter\CodeIgniter->runController(Object(App\Controllers\Home))
#2 /var/www/html/system/CodeIgniter.php(326): CodeIgniter\CodeIgniter->handleRequest(NULL, Object(Config\Cache), false)
#3 /var/www/html/public/index.php(37): CodeIgniter\CodeIgniter->run()
#4 {main}
CRITICAL - 2022-12-11 07:24:20 --> Call to undefined function App\Controllers\imagecreatetruecolor()
#0 /var/www/html/system/CodeIgniter.php(832): App\Controllers\Home->recognize()
#1 /var/www/html/system/CodeIgniter.php(419): CodeIgniter\CodeIgniter->runController(Object(App\Controllers\Home))
#2 /var/www/html/system/CodeIgniter.php(326): CodeIgniter\CodeIgniter->handleRequest(NULL, Object(Config\Cache), false)
#3 /var/www/html/public/index.php(37): CodeIgniter\CodeIgniter->run()
#4 {main}
CRITICAL - 2022-12-11 07:55:26 --> getimagesize(/uploads/20221211/1670766834_60116a86f8ff5031f572.png): failed to open stream: No such file or directory
#0 [internal function]: CodeIgniter\Debug\Exceptions->errorHandler(2, 'getimagesize(/u...', '/var/www/html/a...', 61, Array)
#1 /var/www/html/app/Controllers/Home.php(61): getimagesize('/uploads/202212...')
#2 /var/www/html/system/CodeIgniter.php(832): App\Controllers\Home->recognize()
#3 /var/www/html/system/CodeIgniter.php(419): CodeIgniter\CodeIgniter->runController(Object(App\Controllers\Home))
#4 /var/www/html/system/CodeIgniter.php(326): CodeIgniter\CodeIgniter->handleRequest(NULL, Object(Config\Cache), false)
#5 /var/www/html/public/index.php(37): CodeIgniter\CodeIgniter->run()
#6 {main}
CRITICAL - 2022-12-11 07:55:52 --> getimagesize(/uploads/20221211/1670766834_60116a86f8ff5031f572.png): failed to open stream: No such file or directory
#0 [internal function]: CodeIgniter\Debug\Exceptions->errorHandler(2, 'getimagesize(/u...', '/var/www/html/a...', 63, Array)
#1 /var/www/html/app/Controllers/Home.php(63): getimagesize('/uploads/202212...')
#2 /var/www/html/system/CodeIgniter.php(832): App\Controllers\Home->recognize()
#3 /var/www/html/system/CodeIgniter.php(419): CodeIgniter\CodeIgniter->runController(Object(App\Controllers\Home))
#4 /var/www/html/system/CodeIgniter.php(326): CodeIgniter\CodeIgniter->handleRequest(NULL, Object(Config\Cache), false)
#5 /var/www/html/public/index.php(37): CodeIgniter\CodeIgniter->run()
#6 {main}
CRITICAL - 2022-12-11 08:41:12 --> Array to string conversion
#0 /var/www/html/app/Controllers/Home.php(107): CodeIgniter\Debug\Exceptions->errorHandler(8, 'Array to string...', '/var/www/html/a...', 107, Array)
#1 /var/www/html/system/CodeIgniter.php(832): App\Controllers\Home->recognize()
#2 /var/www/html/system/CodeIgniter.php(419): CodeIgniter\CodeIgniter->runController(Object(App\Controllers\Home))
#3 /var/www/html/system/CodeIgniter.php(326): CodeIgniter\CodeIgniter->handleRequest(NULL, Object(Config\Cache), false)
#4 /var/www/html/public/index.php(37): CodeIgniter\CodeIgniter->run()
#5 {main}
CRITICAL - 2022-12-11 08:41:12 --> Uncaught CodeIgniter\Format\Exceptions\FormatException: Failed to parse json string, error: "Type is not supported". in /var/www/html/system/Format/JSONFormatter.php:41
Stack trace:
#0 /var/www/html/system/Format/JSONFormatter.php(41): CodeIgniter\Format\Exceptions\FormatException::forInvalidJSON('Type is not sup...')
#1 /var/www/html/system/API/ResponseTrait.php(341): CodeIgniter\Format\JSONFormatter->format(Array)
#2 /var/www/html/system/API/ResponseTrait.php(99): CodeIgniter\Debug\Exceptions->format(Array)
#3 /var/www/html/system/Debug/Exceptions.php(115): CodeIgniter\Debug\Exceptions->respond(Array, 500)
#4 [internal function]: CodeIgniter\Debug\Exceptions->exceptionHandler(Object(ErrorException))
#5 {main}
  thrown
#0 [internal function]: CodeIgniter\Debug\Exceptions->shutdownHandler()
#1 {main}
