2022/12/11 15:46:30 [notice] 1#1: using the "epoll" event method
2022/12/11 15:46:30 [notice] 1#1: nginx/1.21.6
2022/12/11 15:46:30 [notice] 1#1: built by gcc 10.2.1 20210110 (Debian 10.2.1-6) 
2022/12/11 15:46:30 [notice] 1#1: OS: Linux 5.4.0-135-generic
2022/12/11 15:46:30 [notice] 1#1: getrlimit(RLIMIT_NOFILE): 1048576:1048576
2022/12/11 15:46:30 [notice] 1#1: start worker processes
2022/12/11 15:46:30 [notice] 1#1: start worker process 30
2022/12/11 15:46:30 [notice] 1#1: start worker process 31
2022/12/11 15:46:30 [notice] 1#1: start worker process 32
2022/12/11 15:46:30 [notice] 1#1: start worker process 33
2022/12/11 15:46:30 [notice] 1#1: start worker process 34
2022/12/11 15:46:30 [notice] 1#1: start worker process 35
2022/12/11 15:46:30 [notice] 1#1: start worker process 36
2022/12/11 15:46:30 [notice] 1#1: start worker process 37
2022/12/11 15:46:30 [notice] 1#1: start worker process 38
2022/12/11 15:46:30 [notice] 1#1: start worker process 39
2022/12/11 15:46:30 [notice] 1#1: start worker process 40
2022/12/11 15:46:30 [notice] 1#1: start worker process 41
2022/12/11 15:47:51 [warn] 31#31: *6 a client request body is buffered to a temporary file /var/cache/nginx/client_temp/0000000001, client: 172.27.0.1, server: , request: "POST /upload HTTP/1.1", host: "localhost:81", referrer: "http://localhost:81/"
2022/12/11 15:49:15 [warn] 31#31: *6 a client request body is buffered to a temporary file /var/cache/nginx/client_temp/0000000002, client: 172.27.0.1, server: , request: "POST /upload HTTP/1.1", host: "localhost:81", referrer: "http://localhost:81/"
2022/12/11 16:08:26 [notice] 1#1: signal 3 (SIGQUIT) received, shutting down
2022/12/11 16:08:26 [notice] 31#31: gracefully shutting down
2022/12/11 16:08:26 [notice] 36#36: gracefully shutting down
2022/12/11 16:08:26 [notice] 31#31: exiting
2022/12/11 16:08:26 [notice] 37#37: gracefully shutting down
2022/12/11 16:08:26 [notice] 30#30: gracefully shutting down
2022/12/11 16:08:26 [notice] 36#36: exiting
2022/12/11 16:08:26 [notice] 37#37: exiting
2022/12/11 16:08:26 [notice] 30#30: exiting
2022/12/11 16:08:26 [notice] 31#31: exit
2022/12/11 16:08:26 [notice] 36#36: exit
2022/12/11 16:08:26 [notice] 30#30: exit
2022/12/11 16:08:26 [notice] 37#37: exit
2022/12/11 16:08:26 [notice] 33#33: gracefully shutting down
2022/12/11 16:08:26 [notice] 33#33: exiting
2022/12/11 16:08:26 [notice] 33#33: exit
2022/12/11 16:08:26 [notice] 41#41: gracefully shutting down
2022/12/11 16:08:26 [notice] 41#41: exiting
2022/12/11 16:08:26 [notice] 41#41: exit
2022/12/11 16:08:26 [notice] 34#34: gracefully shutting down
2022/12/11 16:08:26 [notice] 34#34: exiting
2022/12/11 16:08:26 [notice] 34#34: exit
2022/12/11 16:08:26 [notice] 35#35: gracefully shutting down
2022/12/11 16:08:26 [notice] 35#35: exiting
2022/12/11 16:08:26 [notice] 35#35: exit
2022/12/11 16:08:26 [notice] 40#40: gracefully shutting down
2022/12/11 16:08:26 [notice] 40#40: exiting
2022/12/11 16:08:26 [notice] 40#40: exit
2022/12/11 16:08:26 [notice] 38#38: gracefully shutting down
2022/12/11 16:08:26 [notice] 38#38: exiting
2022/12/11 16:08:26 [notice] 38#38: exit
2022/12/11 16:08:26 [notice] 32#32: gracefully shutting down
2022/12/11 16:08:26 [notice] 32#32: exiting
2022/12/11 16:08:26 [notice] 32#32: exit
2022/12/11 16:08:26 [notice] 39#39: gracefully shutting down
2022/12/11 16:08:26 [notice] 39#39: exiting
2022/12/11 16:08:26 [notice] 39#39: exit
2022/12/11 16:08:26 [notice] 1#1: signal 17 (SIGCHLD) received from 30
2022/12/11 16:08:26 [notice] 1#1: worker process 30 exited with code 0
2022/12/11 16:08:26 [notice] 1#1: signal 29 (SIGIO) received
2022/12/11 16:08:26 [notice] 1#1: signal 17 (SIGCHLD) received from 33
2022/12/11 16:08:26 [notice] 1#1: worker process 33 exited with code 0
2022/12/11 16:08:26 [notice] 1#1: signal 29 (SIGIO) received
2022/12/11 16:08:26 [notice] 1#1: signal 17 (SIGCHLD) received from 41
2022/12/11 16:08:26 [notice] 1#1: worker process 41 exited with code 0
2022/12/11 16:08:26 [notice] 1#1: signal 29 (SIGIO) received
2022/12/11 16:08:26 [notice] 1#1: signal 17 (SIGCHLD) received from 34
2022/12/11 16:08:26 [notice] 1#1: worker process 34 exited with code 0
2022/12/11 16:08:26 [notice] 1#1: signal 29 (SIGIO) received
2022/12/11 16:08:26 [notice] 1#1: signal 17 (SIGCHLD) received from 35
2022/12/11 16:08:26 [notice] 1#1: worker process 35 exited with code 0
2022/12/11 16:08:26 [notice] 1#1: signal 29 (SIGIO) received
2022/12/11 16:08:26 [notice] 1#1: signal 17 (SIGCHLD) received from 40
2022/12/11 16:08:26 [notice] 1#1: worker process 40 exited with code 0
2022/12/11 16:08:26 [notice] 1#1: signal 29 (SIGIO) received
2022/12/11 16:08:26 [notice] 1#1: signal 17 (SIGCHLD) received from 38
2022/12/11 16:08:26 [notice] 1#1: worker process 38 exited with code 0
2022/12/11 16:08:26 [notice] 1#1: signal 29 (SIGIO) received
2022/12/11 16:08:26 [notice] 1#1: signal 17 (SIGCHLD) received from 39
2022/12/11 16:08:26 [notice] 1#1: worker process 37 exited with code 0
2022/12/11 16:08:26 [notice] 1#1: worker process 31 exited with code 0
2022/12/11 16:08:26 [notice] 1#1: worker process 39 exited with code 0
2022/12/11 16:08:26 [notice] 1#1: signal 29 (SIGIO) received
2022/12/11 16:08:26 [notice] 1#1: signal 17 (SIGCHLD) received from 31
2022/12/11 16:08:26 [notice] 1#1: signal 17 (SIGCHLD) received from 36
2022/12/11 16:08:26 [notice] 1#1: worker process 36 exited with code 0
2022/12/11 16:08:26 [notice] 1#1: worker process 32 exited with code 0
2022/12/11 16:08:26 [notice] 1#1: exit
